%!Adobe-FontList 1.16
%Locale:0x419

%BeginFont
Handler:DirectoryHandler
FontType:TrueType
FontName:OpenSans-Light
FamilyName:Open Sans
StyleName:Light
FullName:Open Sans Light
MenuName:Open Sans Light
StyleBits:0
WritingScript:Roman
OutlineFileName:F:\Моя верстка\Верстка\044 KarenLivey\_design\KarenLivey Web Visual 5 Folder\KarenLivey Web Visual 5 Folder\Document fonts\OpenSans-Light.ttf
DataFormat:sfntData
FileLength:222412
FileModTime:1464291356
WeightClass:300
WidthClass:5
AngleClass:0
NameArray:0,Mac,4,Open Sans Light
NameArray:0,Win,1,Open Sans Light
NameArray:0,Win,16,Open Sans
%EndFont

%BeginFont
Handler:DirectoryHandler
FontType:TrueType
FontName:OpenSans-Semibold
FamilyName:Open Sans
StyleName:Semibold
FullName:Open Sans Semibold
MenuName:Open Sans Semibold
StyleBits:0
WritingScript:Roman
OutlineFileName:F:\Моя верстка\Верстка\044 KarenLivey\_design\KarenLivey Web Visual 5 Folder\KarenLivey Web Visual 5 Folder\Document fonts\OpenSans-Semibold.ttf
DataFormat:sfntData
FileLength:221328
FileModTime:1464291356
WeightClass:600
WidthClass:5
AngleClass:0
NameArray:0,Mac,4,Open Sans Semibold
NameArray:0,Win,1,Open Sans Semibold
NameArray:0,Win,16,Open Sans
%EndFont

%BeginFont
Handler:DirectoryHandler
FontType:TrueType
FontName:Roboto-Bold
FamilyName:Roboto
StyleName:Bold
FullName:Roboto Bold
MenuName:Roboto
StyleBits:2
WritingScript:Roman
OutlineFileName:F:\Моя верстка\Верстка\044 KarenLivey\_design\KarenLivey Web Visual 5 Folder\KarenLivey Web Visual 5 Folder\Document fonts\Roboto-Bold.ttf
DataFormat:sfntData
FileLength:170760
FileModTime:1357682400
WeightClass:700
WidthClass:5
AngleClass:0
NameArray:0,Mac,4,Roboto Bold
NameArray:0,Win,1,Roboto
%EndFont

%BeginFont
Handler:DirectoryHandler
FontType:TrueType
FontName:Roboto-Italic
FamilyName:Roboto
StyleName:Italic
FullName:Roboto Italic
MenuName:Roboto
StyleBits:1
WritingScript:Roman
OutlineFileName:F:\Моя верстка\Верстка\044 KarenLivey\_design\KarenLivey Web Visual 5 Folder\KarenLivey Web Visual 5 Folder\Document fonts\Roboto-Italic.ttf
DataFormat:sfntData
FileLength:173932
FileModTime:1357682400
WeightClass:400
WidthClass:5
AngleClass:1
NameArray:0,Mac,4,Roboto Italic
NameArray:0,Win,1,Roboto
%EndFont

%BeginFont
Handler:DirectoryHandler
FontType:TrueType
FontName:Roboto-Light
FamilyName:Roboto
StyleName:Light
FullName:Roboto Light
MenuName:Roboto Light
StyleBits:0
WritingScript:Roman
OutlineFileName:F:\Моя верстка\Верстка\044 KarenLivey\_design\KarenLivey Web Visual 5 Folder\KarenLivey Web Visual 5 Folder\Document fonts\Roboto-Light.ttf
DataFormat:sfntData
FileLength:170420
FileModTime:1357682400
WeightClass:300
WidthClass:5
AngleClass:0
NameArray:0,Mac,4,Roboto Light
NameArray:0,Win,1,Roboto Light
NameArray:0,Win,16,Roboto
%EndFont

%BeginFont
Handler:DirectoryHandler
FontType:TrueType
FontName:Roboto-Medium
FamilyName:Roboto
StyleName:Medium
FullName:Roboto Medium
MenuName:Roboto Medium
StyleBits:0
WritingScript:Roman
OutlineFileName:F:\Моя верстка\Верстка\044 KarenLivey\_design\KarenLivey Web Visual 5 Folder\KarenLivey Web Visual 5 Folder\Document fonts\Roboto-Medium.ttf
DataFormat:sfntData
FileLength:172064
FileModTime:1357682400
WeightClass:500
WidthClass:5
AngleClass:0
NameArray:0,Mac,4,Roboto Medium
NameArray:0,Win,1,Roboto Medium
NameArray:0,Win,16,Roboto
%EndFont

%BeginFont
Handler:DirectoryHandler
FontType:TrueType
FontName:Roboto-Regular
FamilyName:Roboto
StyleName:Regular
FullName:Roboto
MenuName:Roboto
StyleBits:0
WritingScript:Roman
OutlineFileName:F:\Моя верстка\Верстка\044 KarenLivey\_design\KarenLivey Web Visual 5 Folder\KarenLivey Web Visual 5 Folder\Document fonts\Roboto-Regular.ttf
DataFormat:sfntData
FileLength:171676
FileModTime:1357682400
WeightClass:400
WidthClass:5
AngleClass:0
NameArray:0,Mac,4,Roboto
NameArray:0,Win,1,Roboto
%EndFont

%BeginFont
Handler:DirectoryHandler
FontType:TrueType
FontName:ZapfDingbatsITC
FamilyName:Zapf Dingbats
StyleName:Regular
FullName:Zapf Dingbats
MenuName:Zapf Dingbats
StyleBits:0
WritingScript:Roman
OutlineFileName:F:\Моя верстка\Верстка\044 KarenLivey\_design\KarenLivey Web Visual 5 Folder\KarenLivey Web Visual 5 Folder\Document fonts\ZapfDingbats.ttf
DataFormat:sfntData
FileLength:154132
FileModTime:1426772944
WeightClass:400
WidthClass:5
AngleClass:0
NameArray:0,Mac,4,Zapf Dingbats
%EndFont

