%!Adobe-FontList 1.18
%Locale:0x409

%BeginFont
Handler:DirectoryHandler
FontType:TrueType
FontName:OpenSans-Light
FamilyName:Open Sans
StyleName:Light
MenuName:Open Sans Light
StyleBits:0
WeightClass:300
WidthClass:5
AngleClass:0
FullName:Open Sans Light
WritingScript:Roman
OutlineFileName:\OpenSans-Light.ttf
DataFormat:sfntData
hasSVG:no
FileLength:222412
FileModTime:1464302156
NameArray:0,Mac,4,Open Sans Light
NameArray:0,Win,1,Open Sans Light
NameArray:0,Win,16,Open Sans
%EndFont

%BeginFont
Handler:DirectoryHandler
FontType:TrueType
FontName:OpenSans-Semibold
FamilyName:Open Sans
StyleName:Semibold
MenuName:Open Sans Semibold
StyleBits:0
WeightClass:600
WidthClass:5
AngleClass:0
FullName:Open Sans Semibold
WritingScript:Roman
OutlineFileName:\OpenSans-Semibold.ttf
DataFormat:sfntData
hasSVG:no
FileLength:221328
FileModTime:1464302156
NameArray:0,Mac,4,Open Sans Semibold
NameArray:0,Win,1,Open Sans Semibold
NameArray:0,Win,16,Open Sans
%EndFont

%BeginFont
Handler:DirectoryHandler
FontType:TrueType
FontName:Roboto-Bold
FamilyName:Roboto
StyleName:Bold
MenuName:Roboto
StyleBits:2
WeightClass:700
WidthClass:5
AngleClass:0
FullName:Roboto Bold
WritingScript:Roman
OutlineFileName:\Roboto-Bold.ttf
DataFormat:sfntData
hasSVG:no
FileLength:170760
FileModTime:1357689600
NameArray:0,Mac,4,Roboto Bold
NameArray:0,Win,1,Roboto
%EndFont

%BeginFont
Handler:DirectoryHandler
FontType:TrueType
FontName:Roboto-Italic
FamilyName:Roboto
StyleName:Italic
MenuName:Roboto
StyleBits:1
WeightClass:400
WidthClass:5
AngleClass:1
FullName:Roboto Italic
WritingScript:Roman
OutlineFileName:\Roboto-Italic.ttf
DataFormat:sfntData
hasSVG:no
FileLength:173932
FileModTime:1357689600
NameArray:0,Mac,4,Roboto Italic
NameArray:0,Win,1,Roboto
%EndFont

%BeginFont
Handler:DirectoryHandler
FontType:TrueType
FontName:Roboto-Light
FamilyName:Roboto
StyleName:Light
MenuName:Roboto Light
StyleBits:0
WeightClass:300
WidthClass:5
AngleClass:0
FullName:Roboto Light
WritingScript:Roman
OutlineFileName:\Roboto-Light.ttf
DataFormat:sfntData
hasSVG:no
FileLength:170420
FileModTime:1357689600
NameArray:0,Mac,4,Roboto Light
NameArray:0,Win,1,Roboto Light
NameArray:0,Win,16,Roboto
%EndFont

%BeginFont
Handler:DirectoryHandler
FontType:TrueType
FontName:Roboto-Medium
FamilyName:Roboto
StyleName:Medium
MenuName:Roboto Medium
StyleBits:0
WeightClass:500
WidthClass:5
AngleClass:0
FullName:Roboto Medium
WritingScript:Roman
OutlineFileName:\Roboto-Medium.ttf
DataFormat:sfntData
hasSVG:no
FileLength:172064
FileModTime:1357689600
NameArray:0,Mac,4,Roboto Medium
NameArray:0,Win,1,Roboto Medium
NameArray:0,Win,16,Roboto
%EndFont

%BeginFont
Handler:DirectoryHandler
FontType:TrueType
FontName:Roboto-Regular
FamilyName:Roboto
StyleName:Regular
MenuName:Roboto
StyleBits:0
WeightClass:400
WidthClass:5
AngleClass:0
FullName:Roboto
WritingScript:Roman
OutlineFileName:\Roboto-Regular.ttf
DataFormat:sfntData
hasSVG:no
FileLength:171676
FileModTime:1357689600
NameArray:0,Mac,4,Roboto
NameArray:0,Win,1,Roboto
%EndFont

%BeginFont
Handler:DirectoryHandler
FontType:TrueType
FontName:ZapfDingbatsITC
FamilyName:Zapf Dingbats
StyleName:Regular
MenuName:Zapf Dingbats
StyleBits:0
WeightClass:400
WidthClass:5
AngleClass:0
FullName:Zapf Dingbats
WritingScript:Roman
OutlineFileName:\ZapfDingbats.ttf
DataFormat:sfntData
hasSVG:no
FileLength:154132
FileModTime:1426780144
NameArray:0,Mac,4,Zapf Dingbats
%EndFont

